autoscan: warning: missing AC_CHECK_FUNCS([atexit]) wanted by: 
	src/fdmdpd2/src/fdmdpd2/vv.c:460
	src/fdmdpd2/src/fdmdpd2/nblist.c:171
autoscan: warning: missing AC_CHECK_FUNCS([clock_gettime]) wanted by: 
	src/Addyn/ForcesCalcEnergies.cpp:613
	src/Addyn/ForcesCalcEnergies.cpp:627
	src/Addyn/ForcesCalcEnergies.cpp:629
	src/Addyn/ForcesCalcEnergies.cpp:645
autoscan: warning: missing AC_CHECK_FUNCS([memmove]) wanted by: 
	src/fdmdpd2/src/fdmdpd2/dynamics.c:462
	src/fdmdpd2/src/fdmdpd2/dynamics.c:684
	src/fdmdpd2/src/fdmdpd2/dynamics.c:942
	src/fdmdpd2/src/fdmdpd2/dynamics.c:1458
	src/fdmdpd2/src/fdmdpd2/dynamics.c:1721
	src/fdmdpd2/src/fdmdpd2/dynamics.c:1723
	src/fdmdpd2/src/fdmdpd2/nblist.c:211
autoscan: warning: missing AC_CHECK_FUNCS([strcasecmp]) wanted by: 
	src/fdmdpd2/src/fdmdpd2/mdpd.c:1191
	src/fdmdpd2/src/fdmdpd2/mdpd.c:1195
	src/fdmdpd2/src/fdmdpd2/mdpd.c:1199
	src/fdmdpd2/src/fdmdpd2/mdpd.c:1203
	src/fdmdpd2/src/fdmdpd2/vv.c:415
	src/fdmdpd2/src/fdmdpd2/vv.c:419
	src/fdmdpd2/src/fdmdpd2/vv.c:425
	src/fdmdpd2/src/fdmdpd2/vv.c:433
	src/fdmdpd2/src/fdmdpd2/vv.c:440
	src/fdmdpd2/src/fdmdpd2/mcom.c:573
	src/fdmdpd2/src/fdmdpd2/mcom.c:573
	src/fdmdpd2/src/fdmdpd2/main.c:1141
	src/fdmdpd2/src/fdmdpd2/main.c:1148
	src/fdmdpd2/src/fdmdpd2/main.c:1153
	src/fdmdpd2/src/fdmdpd2/main.c:1157
	src/fdmdpd2/src/fdmdpd2/main.c:1162
	src/fdmdpd2/src/fdmdpd2/main.c:1166
	src/fdmdpd2/src/fdmdpd2/main.c:1173
	src/fdmdpd2/src/fdmdpd2/main.c:1177
	src/fdmdpd2/src/fdmdpd2/main.c:1182
	src/fdmdpd2/src/fdmdpd2/main.c:1187
	src/fdmdpd2/src/fdmdpd2/main.c:1192
autoscan: warning: missing AC_CHECK_FUNCS([strcspn]) wanted by: 
	src/VarData/VarDataRead.cpp:366
autoscan: warning: missing AC_CHECK_FUNCS([strerror]) wanted by: 
	src/fdmdpd2/src/undu/undu.c:65
	src/fdmdpd2/src/normpot/error.c:57
	src/fdmdpd2/src/line-tension/line-tension.c:147
	src/fdmdpd2/src/autocorr/corr.c:50
	src/fdmdpd2/src/dwham/dwham.c:136
	src/fdmdpd2/src/corr/corr.c:42
autoscan: warning: missing AC_CHECK_FUNCS([strpbrk]) wanted by: 
	src/Matematica/MatematicaSign.cpp:763
	src/Matematica/MatematicaSign.cpp:805
	src/Matematica/MatematicaSign.cpp:825
	src/fdmdpd2/src/fdmdpd2/Peptide.c:5
	src/fdmdpd2/src/fdmdpd2/Peptide.c:7
	src/fdmdpd2/src/fdmdpd2/Peptide.c:8
	src/fdmdpd2/src/autocorr/corr.c:100
	src/fdmdpd2/src/autocorr/corr.c:110
	src/fdmdpd2/src/corr/corr.c:96
	src/fdmdpd2/src/corr/corr.c:106
	src/VarData/VarDataString.cpp:165
	src/VarData/VarDataString.cpp:166
	src/VarData/VarDataString.cpp:216
	src/VarData/VarDataString.cpp:219
	src/VarData/VarDataString.cpp:220
autoscan: warning: missing AC_CHECK_FUNCS([strstr]) wanted by: 
	src/fdmdpd2/src/undu/undu.c:193
	src/fdmdpd2/src/undu/undu.c:207
	src/fdmdpd2/src/gofr/gofr.c:229
	src/fdmdpd2/src/fdmdpd2/Rigid.c:405
	src/fdmdpd2/src/fdmdpd2/main.c:553
	src/fdmdpd2/src/fdmdpd2/main.c:556
	src/fdmdpd2/src/fdmdpd2/main.c:559
	src/fdmdpd2/src/fdmdpd2/main.c:561
	src/fdmdpd2/src/fdmdpd2/main.c:563
	src/fdmdpd2/src/fdmdpd2/main.c:565
	src/fdmdpd2/src/fdmdpd2/main.c:567
	src/fdmdpd2/src/fdmdpd2/main.c:569
	src/fdmdpd2/src/fdmdpd2/main.c:571
	src/fdmdpd2/src/fdmdpd2/main.c:573
	src/fdmdpd2/src/fdmdpd2/main.c:575
	src/fdmdpd2/src/dwham/dwham.c:457
	src/fdmdpd2/src/dwham/dwham.c:459
	src/fdmdpd2/src/dwham/dwham.c:482
	src/fdmdpd2/src/dwham/dwham.c:482
	src/fdmdpd2/src/dwham/dwham.c:484
	src/Addyn/Forces.cpp:600
	src/Addyn/Forces.cpp:725
	src/VarData/VarDataRead.cpp:235
	src/VarData/VarDataRead.cpp:259
	src/VarData/VarDataRead.cpp:262
	src/VarData/VarDataRead.cpp:285
	src/VarData/VarDataRead.cpp:492
	src/VarData/VarDataRead.cpp:494
	src/VarData/VarDataRead.cpp:583
	src/VarData/VarDataRead.cpp:585
autoscan: warning: missing AC_CHECK_HEADERS([fenv.h]) wanted by: 
	src/fdmdpd2/src/undu/undu.c:17
	src/fdmdpd2/src/viscosity/viscosity.c:20
	src/fdmdpd2/src/normpot/normpot.c:11
	src/fdmdpd2/src/fdmdpd2/main.c:26
	src/fdmdpd2/src/line-tension/line-tension.c:10
	src/fdmdpd2/src/dwham/dwham.c:18
	src/Addyn/Dinamica.cpp:25
autoscan: warning: missing AC_CHECK_HEADERS([limits.h]) wanted by: 
	src/fdmdpd2/src/imf-ev/solver.c:15
	src/fdmdpd2/src/imf-ev/solver2.c:14
	src/fdmdpd2/src/undu/undu.c:16
	src/fdmdpd2/src/viscosity/viscosity.c:18
	src/fdmdpd2/src/gofr/gofr.c:34
	src/fdmdpd2/src/fdmdpd2/common.h:38
	src/fdmdpd2/src/line-tension/line-tension.c:14
	src/fdmdpd2/src/autocorr/corr.c:22
	src/fdmdpd2/src/dwham/dwham.c:16
	src/fdmdpd2/src/corr/corr.c:14
	src/fdmdpd2/src/forcematch/gslfit.c:14
autoscan: warning: missing AC_CHECK_HEADERS([sys/time.h]) wanted by: 
	src/Addyn/ForcesCalcEnergies.cpp:594
autoscan: warning: missing AC_CHECK_TYPES([ptrdiff_t]) wanted by: 
	src/fdmdpd2/src/fdmdpd2/rnemd.c:79
	src/fdmdpd2/src/fdmdpd2/rnemd.c:79
	src/fdmdpd2/src/fdmdpd2/rnemd.c:79
	src/fdmdpd2/src/fdmdpd2/rnemd.c:80
	src/fdmdpd2/src/fdmdpd2/rnemd.c:80
autoscan: warning: missing AC_C_INLINE wanted by: 
	src/Matematica/MatematicaVect.cpp:114
	src/fdmdpd2/src/undu/undu.c:165
	Macro/openFrameworks/ofxMSAPhysics/src/MSAPhysicsAttraction.h:49
	Macro/openFrameworks/ofxMSAPhysics/src/MSAPhysicsAttraction.h:54
	Macro/openFrameworks/ofxMSAPhysics/src/MSAPhysicsWall.h:190
	Macro/openFrameworks/ofxMSAPhysics/src/MSAPhysicsParticle.h:119
	Macro/openFrameworks/ofxMSAPhysics/src/MSAPhysicsParticle.h:128
	Macro/openFrameworks/ofxMSAPhysics/src/MSAPhysicsParticle.h:134
	Macro/openFrameworks/ofxMSAPhysics/src/MSAPhysicsParticle.h:141
	Macro/openFrameworks/ofxMSAPhysics/src/MSAPhysicsParticle.h:148
	Macro/openFrameworks/ofxMSAPhysics/src/MSAPhysicsParticle.h:154
	Macro/openFrameworks/ofxMSAPhysics/src/MSAPhysicsParticle.h:161
	Macro/openFrameworks/ofxMSAPhysics/src/MSAPhysicsParticle.h:168
	Macro/openFrameworks/ofxMSAPhysics/src/MSAPhysicsParticle.h:175
	Macro/openFrameworks/ofxMSAPhysics/src/MSAPhysicsParticle.h:181
	Macro/openFrameworks/ofxMSAPhysics/src/MSAPhysicsParticle.h:187
	Macro/openFrameworks/ofxMSAPhysics/src/MSAPhysicsParticle.h:193
	Macro/openFrameworks/ofxMSAPhysics/src/MSAPhysicsParticle.h:200
	Macro/openFrameworks/ofxMSAPhysics/src/MSAPhysicsParticle.h:208
	Macro/openFrameworks/ofxMSAPhysics/src/MSAPhysicsParticle.h:216
	Macro/openFrameworks/ofxMSAPhysics/src/MSAPhysicsParticle.h:224
	Macro/openFrameworks/ofxMSAPhysics/src/MSAPhysicsParticle.h:230
	Macro/openFrameworks/ofxMSAPhysics/src/MSAPhysicsParticle.h:236
	Macro/openFrameworks/ofxMSAPhysics/src/MSAPhysicsParticle.h:242
	Macro/openFrameworks/ofxMSAPhysics/src/MSAPhysicsParticle.h:247
	Macro/openFrameworks/ofxMSAPhysics/src/MSAPhysicsParticle.h:253
	Macro/openFrameworks/ofxMSAPhysics/src/MSAPhysicsParticle.h:260
	Macro/openFrameworks/ofxMSAPhysics/src/MSAPhysicsParticle.h:267
	Macro/openFrameworks/ofxMSAPhysics/src/MSAPhysicsParticle.h:273
	Macro/openFrameworks/ofxMSAPhysics/src/MSAPhysicsParticle.h:280
	Macro/openFrameworks/ofxMSAPhysics/src/MSAPhysicsSpring.h:70
	Macro/openFrameworks/ofxMSAPhysics/src/MSAPhysicsSpring.h:76
	Macro/openFrameworks/ofxMSAPhysics/src/MSAPhysicsSpring.h:82
	Macro/openFrameworks/ofxMSAPhysics/src/MSAPhysicsSpring.h:88
	Macro/openFrameworks/ofxMSAPhysics/src/MSAPhysicsSpring.h:95
	Macro/openFrameworks/ofxMSAPhysics/src/MSAPhysicsSpring.h:101
	Macro/openFrameworks/ofxMSAPhysics/src/MSAPhysicsConstraint.h:124
	Macro/openFrameworks/ofxMSAPhysics/src/MSAPhysicsConstraint.h:130
	Macro/openFrameworks/ofxMSAPhysics/src/MSAPhysicsConstraint.h:136
	Macro/openFrameworks/ofxMSAPhysics/src/MSAPhysicsConstraint.h:142
	Macro/openFrameworks/ofxMSAPhysics/src/MSAPhysicsConstraint.h:148
	Macro/openFrameworks/ofxMSAPhysics/src/MSAPhysicsConstraint.h:154
	Macro/openFrameworks/ofxMSAPhysics/src/MSAPhysicsConstraint.h:160
	Macro/openFrameworks/ofxMSAPhysics/src/MSAPhysicsConstraint.h:166
	Macro/openFrameworks/ofxMSAPhysics/src/MSAPhysicsConstraint.h:172
	Macro/openFrameworks/ofxMSAPhysics/src/MSAPhysicsConstraint.h:178
	Macro/openFrameworks/ofxMSAPhysics/src/MSAPhysicsConstraint.h:184
	Macro/openFrameworks/ofxMSAPhysics/src/MSAPhysicsConstraint.h:191
	Macro/openFrameworks/ofxMSAPhysics/src/MSAPhysicsConstraint.h:198
	Macro/openFrameworks/ofxMSAPhysics/src/MSAPhysicsConstraint.h:204
	Macro/openFrameworks/ofxMSAPhysics/src/MSAPhysicsConstraint.h:211
	Macro/openFrameworks/ofxMSAPhysics/src/MSAPhysicsConstraint.h:218
autoscan: warning: missing AC_C_RESTRICT wanted by: 
	src/fdmdpd2/src/normpot/error.c:75
	src/fdmdpd2/src/gofr/direct.c:8
	src/fdmdpd2/src/gofr/direct.c:8
	src/fdmdpd2/src/fdmdpd2/Rigid.c:20
	src/fdmdpd2/src/fdmdpd2/Rigid.c:54
	src/fdmdpd2/src/fdmdpd2/Rigid.c:55
	src/fdmdpd2/src/fdmdpd2/Rigid.c:437
	src/fdmdpd2/src/fdmdpd2/Rigid.c:483
	src/fdmdpd2/src/fdmdpd2/Rigid.c:627
	src/fdmdpd2/src/fdmdpd2/Rigid.c:738
	src/fdmdpd2/src/fdmdpd2/Rigid.c:764
	src/fdmdpd2/src/fdmdpd2/Rigid.c:1242
	src/fdmdpd2/src/fdmdpd2/Rigid.c:1255
	src/fdmdpd2/src/fdmdpd2/Rigid.c:1327
	src/fdmdpd2/src/fdmdpd2/Rigid.c:1347
	src/fdmdpd2/src/fdmdpd2/Rigid.c:1393
	src/fdmdpd2/src/fdmdpd2/rand.h:27
	src/fdmdpd2/src/fdmdpd2/rand.h:28
	src/fdmdpd2/src/fdmdpd2/rand.h:29
	src/fdmdpd2/src/fdmdpd2/rand.h:30
	src/fdmdpd2/src/fdmdpd2/Widom.c:5
	src/fdmdpd2/src/fdmdpd2/Widom.c:6
	src/fdmdpd2/src/fdmdpd2/Widom.c:7
	src/fdmdpd2/src/fdmdpd2/Widom.c:8
	src/fdmdpd2/src/fdmdpd2/Widom.c:9
	src/fdmdpd2/src/fdmdpd2/Widom.c:10
	src/fdmdpd2/src/fdmdpd2/Widom.c:11
	src/fdmdpd2/src/fdmdpd2/Widom.c:12
	src/fdmdpd2/src/fdmdpd2/Widom.c:13
	src/fdmdpd2/src/fdmdpd2/Widom.c:15
	src/fdmdpd2/src/fdmdpd2/Widom.c:16
	src/fdmdpd2/src/fdmdpd2/Widom.c:21
	src/fdmdpd2/src/fdmdpd2/Widom.c:73
	src/fdmdpd2/src/fdmdpd2/Widom.c:100
	src/fdmdpd2/src/fdmdpd2/Widom.c:123
	src/fdmdpd2/src/fdmdpd2/Widom.c:144
	src/fdmdpd2/src/fdmdpd2/Widom.c:182
	src/fdmdpd2/src/fdmdpd2/Widom.c:201
	src/fdmdpd2/src/fdmdpd2/Widom.c:212
	src/fdmdpd2/src/fdmdpd2/Widom.c:238
	src/fdmdpd2/src/fdmdpd2/Widom.c:249
	src/fdmdpd2/src/fdmdpd2/Widom.c:276
	src/fdmdpd2/src/fdmdpd2/Widom.c:287
	src/fdmdpd2/src/fdmdpd2/Widom.c:298
	src/fdmdpd2/src/fdmdpd2/Widom.c:303
	src/fdmdpd2/src/fdmdpd2/Widom.c:378
	src/fdmdpd2/src/fdmdpd2/Widom.c:390
	src/fdmdpd2/src/fdmdpd2/Widom.c:412
	src/fdmdpd2/src/fdmdpd2/Widom.c:441
	src/fdmdpd2/src/fdmdpd2/Widom.c:565
	src/fdmdpd2/src/fdmdpd2/stress.c:37
	src/fdmdpd2/src/fdmdpd2/mdpd.c:1513
	src/fdmdpd2/src/fdmdpd2/mdpd.c:1578
	src/fdmdpd2/src/fdmdpd2/fdmdpd2.h:222
	src/fdmdpd2/src/fdmdpd2/fdmdpd2.h:223
	src/fdmdpd2/src/fdmdpd2/fdmdpd2.h:224
	src/fdmdpd2/src/fdmdpd2/fdmdpd2.h:234
	src/fdmdpd2/src/fdmdpd2/fdmdpd2.h:234
	src/fdmdpd2/src/fdmdpd2/fdmdpd2.h:254
	src/fdmdpd2/src/fdmdpd2/fdmdpd2.h:255
	src/fdmdpd2/src/fdmdpd2/fdmdpd2.h:256
	src/fdmdpd2/src/fdmdpd2/fdmdpd2.h:257
	src/fdmdpd2/src/fdmdpd2/fdmdpd2.h:258
	src/fdmdpd2/src/fdmdpd2/fdmdpd2.h:315
	src/fdmdpd2/src/fdmdpd2/fdmdpd2.h:316
	src/fdmdpd2/src/fdmdpd2/fdmdpd2.h:327
	src/fdmdpd2/src/fdmdpd2/fdmdpd2.h:330
	src/fdmdpd2/src/fdmdpd2/fdmdpd2.h:366
	src/fdmdpd2/src/fdmdpd2/fdmdpd2.h:367
	src/fdmdpd2/src/fdmdpd2/fdmdpd2.h:371
	src/fdmdpd2/src/fdmdpd2/fdmdpd2.h:372
	src/fdmdpd2/src/fdmdpd2/fdmdpd2.h:373
	src/fdmdpd2/src/fdmdpd2/fdmdpd2.h:381
	src/fdmdpd2/src/fdmdpd2/fdmdpd2.h:393
	src/fdmdpd2/src/fdmdpd2/fdmdpd2.h:394
	src/fdmdpd2/src/fdmdpd2/fdmdpd2.h:395
	src/fdmdpd2/src/fdmdpd2/fdmdpd2.h:398
	src/fdmdpd2/src/fdmdpd2/fdmdpd2.h:399
	src/fdmdpd2/src/fdmdpd2/fdmdpd2.h:400
	src/fdmdpd2/src/fdmdpd2/fdmdpd2.h:401
	src/fdmdpd2/src/fdmdpd2/fdmdpd2.h:404
	src/fdmdpd2/src/fdmdpd2/fdmdpd2.h:405
	src/fdmdpd2/src/fdmdpd2/fdmdpd2.h:410
	src/fdmdpd2/src/fdmdpd2/fdmdpd2.h:417
	src/fdmdpd2/src/fdmdpd2/fdmdpd2.h:422
	src/fdmdpd2/src/fdmdpd2/error.c:91
	src/fdmdpd2/src/fdmdpd2/vv.c:56
	src/fdmdpd2/src/fdmdpd2/vv.c:57
	src/fdmdpd2/src/fdmdpd2/vv.c:73
	src/fdmdpd2/src/fdmdpd2/vv.c:90
	src/fdmdpd2/src/fdmdpd2/vv.c:97
	src/fdmdpd2/src/fdmdpd2/vv.c:142
	src/fdmdpd2/src/fdmdpd2/vv.c:159
	src/fdmdpd2/src/fdmdpd2/vv.c:206
	src/fdmdpd2/src/fdmdpd2/vv.c:222
	src/fdmdpd2/src/fdmdpd2/vv.c:266
	src/fdmdpd2/src/fdmdpd2/vv.c:283
	src/fdmdpd2/src/fdmdpd2/vv.c:342
	src/fdmdpd2/src/fdmdpd2/vv.c:362
	src/fdmdpd2/src/fdmdpd2/vv.c:385
	src/fdmdpd2/src/fdmdpd2/vv.c:411
	src/fdmdpd2/src/fdmdpd2/dynamics.c:341
	src/fdmdpd2/src/fdmdpd2/dynamics.c:382
	src/fdmdpd2/src/fdmdpd2/dynamics.c:441
	src/fdmdpd2/src/fdmdpd2/dynamics.c:457
	src/fdmdpd2/src/fdmdpd2/dynamics.c:619
	src/fdmdpd2/src/fdmdpd2/dynamics.c:700
	src/fdmdpd2/src/fdmdpd2/dynamics.c:872
	src/fdmdpd2/src/fdmdpd2/dynamics.c:1026
	src/fdmdpd2/src/fdmdpd2/dynamics.c:1042
	src/fdmdpd2/src/fdmdpd2/dynamics.c:1066
	src/fdmdpd2/src/fdmdpd2/dynamics.c:1083
	src/fdmdpd2/src/fdmdpd2/dynamics.c:1110
	src/fdmdpd2/src/fdmdpd2/dynamics.c:1224
	src/fdmdpd2/src/fdmdpd2/dynamics.c:1247
	src/fdmdpd2/src/fdmdpd2/dynamics.c:1282
	src/fdmdpd2/src/fdmdpd2/dynamics.c:1312
	src/fdmdpd2/src/fdmdpd2/dynamics.c:1388
	src/fdmdpd2/src/fdmdpd2/dynamics.c:1439
	src/fdmdpd2/src/fdmdpd2/dynamics.c:1453
	src/fdmdpd2/src/fdmdpd2/dynamics.c:1627
	src/fdmdpd2/src/fdmdpd2/dynamics.c:1769
	src/fdmdpd2/src/fdmdpd2/dynamics.c:1856
	src/fdmdpd2/src/fdmdpd2/dynamics.c:1941
	src/fdmdpd2/src/fdmdpd2/dynamics.c:1964
	src/fdmdpd2/src/fdmdpd2/dynamics.c:1991
	src/fdmdpd2/src/fdmdpd2/dynamics.c:2009
	src/fdmdpd2/src/fdmdpd2/dynamics.c:2075
	src/fdmdpd2/src/fdmdpd2/dynamics.c:2096
	src/fdmdpd2/src/fdmdpd2/dynamics.c:2122
	src/fdmdpd2/src/fdmdpd2/dynamics.c:2199
	src/fdmdpd2/src/fdmdpd2/dynamics.c:2228
	src/fdmdpd2/src/fdmdpd2/vmd.c:50
	src/fdmdpd2/src/fdmdpd2/vmd.c:51
	src/fdmdpd2/src/fdmdpd2/vmd.c:72
	src/fdmdpd2/src/fdmdpd2/vmd.c:112
	src/fdmdpd2/src/fdmdpd2/Peptide.c:2
	src/fdmdpd2/src/fdmdpd2/Peptide.c:137
	src/fdmdpd2/src/fdmdpd2/Peptide.c:150
	src/fdmdpd2/src/fdmdpd2/Peptide.c:163
	src/fdmdpd2/src/fdmdpd2/main.c:224
	src/fdmdpd2/src/fdmdpd2/main.c:262
	src/fdmdpd2/src/fdmdpd2/main.c:438
	src/fdmdpd2/src/fdmdpd2/main.c:471
	src/fdmdpd2/src/fdmdpd2/main.c:495
	src/fdmdpd2/src/fdmdpd2/main.c:536
	src/fdmdpd2/src/fdmdpd2/main.c:584
	src/fdmdpd2/src/fdmdpd2/main.c:619
	src/fdmdpd2/src/fdmdpd2/main.c:619
	src/fdmdpd2/src/fdmdpd2/main.c:634
	src/fdmdpd2/src/fdmdpd2/main.c:720
	src/fdmdpd2/src/fdmdpd2/main.c:756
	src/fdmdpd2/src/fdmdpd2/main.c:790
	src/fdmdpd2/src/fdmdpd2/main.c:929
	src/fdmdpd2/src/fdmdpd2/main.c:956
	src/fdmdpd2/src/fdmdpd2/main.c:980
	src/fdmdpd2/src/fdmdpd2/main.c:1019
	src/fdmdpd2/src/fdmdpd2/main.c:1071
	src/fdmdpd2/src/fdmdpd2/main.c:1126
	src/fdmdpd2/src/fdmdpd2/main.c:1211
	src/fdmdpd2/src/fdmdpd2/main.c:1252
	src/fdmdpd2/src/fdmdpd2/rand.c:46
	src/fdmdpd2/src/fdmdpd2/rand.c:51
	src/fdmdpd2/src/fdmdpd2/rand.c:58
	src/fdmdpd2/src/fdmdpd2/rand.c:59
	src/fdmdpd2/src/fdmdpd2/rand.c:82
	src/fdmdpd2/src/fdmdpd2/rand.c:88
	src/fdmdpd2/src/fdmdpd2/rand.c:95
	src/fdmdpd2/src/fdmdpd2/rand.c:96
	src/fdmdpd2/src/fdmdpd2/rand.c:120
	src/fdmdpd2/src/fdmdpd2/rand.c:126
	src/fdmdpd2/src/fdmdpd2/rand.c:131
	src/fdmdpd2/src/fdmdpd2/rand.c:132
	src/fdmdpd2/src/fdmdpd2/rand.c:156
	src/fdmdpd2/src/fdmdpd2/rand.c:161
	src/fdmdpd2/src/fdmdpd2/rand.c:168
	src/fdmdpd2/src/fdmdpd2/rand.c:169
	src/fdmdpd2/src/fdmdpd2/Extern.c:5
	src/fdmdpd2/src/ideal-chain/ideal-chain.c:83
	src/fdmdpd2/src/ideal-chain/ideal-chain.c:102
	src/fdmdpd2/src/ideal-chain/ideal-chain.c:132
	src/fdmdpd2/src/line-tension/line-tension.c:116
	src/fdmdpd2/src/line-tension/line-tension.c:116
	src/fdmdpd2/src/line-tension/line-tension.c:165
	src/fdmdpd2/src/line-tension/line-tension.c:181
	src/fdmdpd2/src/line-tension/line-tension.c:191
	src/fdmdpd2/src/line-tension/line-tension.c:209
	src/fdmdpd2/src/line-tension/line-tension.c:234
	src/fdmdpd2/src/line-tension/line-tension.c:278
	src/fdmdpd2/src/line-tension/line-tension.c:328
	src/fdmdpd2/src/line-tension/line-tension.c:329
	src/fdmdpd2/src/line-tension/line-tension.c:349
	src/fdmdpd2/src/line-tension/line-tension.c:379
	src/fdmdpd2/src/line-tension/line-tension.c:425
	src/fdmdpd2/src/line-tension/line-tension.c:447
	src/fdmdpd2/src/line-tension/line-tension.c:520
	src/fdmdpd2/src/line-tension/line-tension.c:534
	src/fdmdpd2/src/line-tension/line-tension.c:549
	src/fdmdpd2/src/line-tension/line-tension.c:550
	src/fdmdpd2/src/line-tension/line-tension.c:624
	src/fdmdpd2/src/line-tension/line-tension.c:624
	src/fdmdpd2/src/line-tension/line-tension.c:698
	src/fdmdpd2/src/line-tension/line-tension.c:771
	src/fdmdpd2/src/line-tension/line-tension.c:820
	src/fdmdpd2/src/line-tension/line-tension.c:876
	src/fdmdpd2/src/line-tension/line-tension.c:877
	src/fdmdpd2/src/line-tension/line-tension.c:877
	src/fdmdpd2/src/line-tension/line-tension.c:878
	src/fdmdpd2/src/line-tension/line-tension.c:898
	src/fdmdpd2/src/line-tension/line-tension.c:898
	src/fdmdpd2/src/line-tension/line-tension.c:991
	src/fdmdpd2/src/line-tension/line-tension.c:991
	src/fdmdpd2/src/line-tension/line-tension.c:1018
	src/fdmdpd2/src/line-tension/line-tension.c:1047
	src/fdmdpd2/src/line-tension/line-tension.c:1107
	src/fdmdpd2/src/dwham/dwham.c:100
	src/fdmdpd2/src/dwham/dwham.c:100
	src/fdmdpd2/src/dwham/dwham.c:154
	src/fdmdpd2/src/dwham/dwham.c:176
	src/fdmdpd2/src/dwham/dwham.c:1420
	src/fdmdpd2/src/dwham/dwham.c:1421
	src/fdmdpd2/src/forcematch/error.c:91
autoscan: warning: missing AC_FUNC_ALLOCA wanted by: 
	src/fdmdpd2/src/fdmdpd2/dynamics.c:1931
	src/fdmdpd2/src/fdmdpd2/dynamics.c:2020
	src/fdmdpd2/src/fdmdpd2/mcom.c:161
	src/fdmdpd2/src/fdmdpd2/main.c:642
autoscan: warning: missing AC_FUNC_ERROR_AT_LINE wanted by: 
	src/fdmdpd2/src/undu/undu.c:59
	src/fdmdpd2/src/undu/undu.c:81
	src/fdmdpd2/src/undu/undu.c:83
	src/fdmdpd2/src/undu/undu.c:88
	src/fdmdpd2/src/undu/undu.c:90
	src/fdmdpd2/src/undu/undu.c:92
	src/fdmdpd2/src/undu/undu.c:95
	src/fdmdpd2/src/undu/undu.c:97
	src/fdmdpd2/src/undu/undu.c:100
	src/fdmdpd2/src/undu/undu.c:102
	src/fdmdpd2/src/undu/undu.c:105
	src/fdmdpd2/src/undu/undu.c:179
	src/fdmdpd2/src/undu/undu.c:202
	src/fdmdpd2/src/undu/undu.c:213
	src/fdmdpd2/src/undu/undu.c:303
	src/fdmdpd2/src/normpot/error.c:47
	src/fdmdpd2/src/normpot/error.c:68
	src/fdmdpd2/src/normpot/normpot.c:42
	src/fdmdpd2/src/normpot/normpot.c:123
	src/fdmdpd2/src/line-tension/line-tension.c:114
	src/fdmdpd2/src/line-tension/line-tension.c:141
	src/fdmdpd2/src/line-tension/line-tension.c:158
	src/fdmdpd2/src/line-tension/line-tension.c:386
	src/fdmdpd2/src/line-tension/line-tension.c:416
	src/fdmdpd2/src/line-tension/line-tension.c:422
	src/fdmdpd2/src/line-tension/line-tension.c:454
	src/fdmdpd2/src/line-tension/line-tension.c:461
	src/fdmdpd2/src/line-tension/line-tension.c:498
	src/fdmdpd2/src/line-tension/line-tension.c:705
	src/fdmdpd2/src/line-tension/line-tension.c:801
	src/fdmdpd2/src/autocorr/corr.c:45
	src/fdmdpd2/src/autocorr/corr.c:61
	src/fdmdpd2/src/autocorr/corr.c:155
	src/fdmdpd2/src/autocorr/corr.c:182
	src/fdmdpd2/src/dwham/dwham.c:98
	src/fdmdpd2/src/dwham/dwham.c:127
	src/fdmdpd2/src/dwham/dwham.c:147
	src/fdmdpd2/src/dwham/dwham.c:168
	src/fdmdpd2/src/dwham/dwham.c:227
	src/fdmdpd2/src/dwham/dwham.c:308
	src/fdmdpd2/src/dwham/dwham.c:373
	src/fdmdpd2/src/dwham/dwham.c:375
	src/fdmdpd2/src/dwham/dwham.c:377
	src/fdmdpd2/src/dwham/dwham.c:379
	src/fdmdpd2/src/dwham/dwham.c:381
	src/fdmdpd2/src/dwham/dwham.c:383
	src/fdmdpd2/src/dwham/dwham.c:385
	src/fdmdpd2/src/dwham/dwham.c:387
	src/fdmdpd2/src/dwham/dwham.c:389
	src/fdmdpd2/src/dwham/dwham.c:391
	src/fdmdpd2/src/dwham/dwham.c:393
	src/fdmdpd2/src/dwham/dwham.c:421
	src/fdmdpd2/src/dwham/dwham.c:445
	src/fdmdpd2/src/dwham/dwham.c:454
	src/fdmdpd2/src/dwham/dwham.c:462
	src/fdmdpd2/src/dwham/dwham.c:512
	src/fdmdpd2/src/dwham/dwham.c:633
	src/fdmdpd2/src/dwham/dwham.c:644
	src/fdmdpd2/src/dwham/dwham.c:862
	src/fdmdpd2/src/dwham/dwham.c:949
	src/fdmdpd2/src/dwham/dwham.c:960
	src/fdmdpd2/src/dwham/dwham.c:1128
	src/fdmdpd2/src/dwham/dwham.c:1153
	src/fdmdpd2/src/dwham/dwham.c:1283
	src/fdmdpd2/src/dwham/dwham.c:1332
	src/fdmdpd2/src/dwham/dwham.c:1381
	src/fdmdpd2/src/dwham/dwham.c:1431
	src/fdmdpd2/src/corr/corr.c:37
	src/fdmdpd2/src/corr/corr.c:53
	src/fdmdpd2/src/corr/corr.c:151
	src/fdmdpd2/src/corr/corr.c:178
	src/fdmdpd2/src/forcematch/comforces.c:39
	src/fdmdpd2/src/forcematch/comforces.c:45
	src/fdmdpd2/src/forcematch/comforces.c:54
	src/fdmdpd2/src/forcematch/comforces.c:71
	src/fdmdpd2/src/forcematch/comforces.c:147
	src/fdmdpd2/src/forcematch/comforces.c:169
	src/fdmdpd2/src/forcematch/comforces.c:195
	src/fdmdpd2/src/forcematch/comforces.c:201
	src/fdmdpd2/src/forcematch/comforces.c:247
	src/fdmdpd2/src/forcematch/comforces.c:252
	src/fdmdpd2/src/forcematch/gslfit.c:37
	src/fdmdpd2/src/forcematch/forcematch.c:69
	src/fdmdpd2/src/forcematch/forcematch.c:73
	src/fdmdpd2/src/forcematch/forcematch.c:94
	src/fdmdpd2/src/forcematch/forcematch.c:108
	src/fdmdpd2/src/forcematch/forcematch.c:115
	src/fdmdpd2/src/forcematch/forcematch.c:122
	src/fdmdpd2/src/forcematch/forcematch.c:342
	src/fdmdpd2/src/forcematch/forcematch.c:351
	src/fdmdpd2/src/forcematch/forcematch.c:428
	src/fdmdpd2/src/forcematch/forcematch.c:431
	src/fdmdpd2/src/forcematch/forcematch.c:433
	src/fdmdpd2/src/forcematch/forcematch.c:436
	src/fdmdpd2/src/forcematch/forcematch.c:438
	src/fdmdpd2/src/forcematch/forcematch.c:444
	src/fdmdpd2/src/forcematch/forcematch.c:446
	src/fdmdpd2/src/forcematch/forcematch.c:448
	src/fdmdpd2/src/forcematch/forcematch.c:450
	src/fdmdpd2/src/forcematch/forcematch.c:484
	src/fdmdpd2/src/forcematch/friction.c:63
	src/fdmdpd2/src/forcematch/friction.c:67
	src/fdmdpd2/src/forcematch/friction.c:115
	src/fdmdpd2/src/forcematch/friction.c:124
	src/fdmdpd2/src/forcematch/friction.c:125
	src/fdmdpd2/src/forcematch/friction.c:131
	src/fdmdpd2/src/forcematch/friction.c:145
	src/fdmdpd2/src/forcematch/friction.c:157
	src/fdmdpd2/src/forcematch/friction.c:165
	src/fdmdpd2/src/forcematch/friction.c:171
	src/fdmdpd2/src/forcematch/friction.c:228
	src/fdmdpd2/src/forcematch/friction.c:233
	src/fdmdpd2/src/forcematch/friction.c:338
